Started POST "/api/v1/orders" for 127.0.0.1 at 2021-04-28 12:07:36 -0300
  [1m[35m (3.4ms)[0m  [1m[34mSELECT "schema_migrations"."version" FROM "schema_migrations" ORDER BY "schema_migrations"."version" ASC[0m
Processing by Api::V1::OrdersController#create as */*
  Parameters: {"id"=>9987071, "store_id"=>282, "date_created"=>"2019-06-24T16:45:32.000-04:00", "date_closed"=>"2019-06-24T16:45:35.000-04:00", "last_updated"=>"2019-06-25T13:26:49.000-04:00", "total_amount"=>49.9, "total_shipping"=>5.14, "total_amount_with_shipping"=>55.04, "paid_amount"=>55.04, "expiration_date"=>"2019-07-22T16:45:35.000-04:00", "order_items"=>[{"item"=>{"id"=>"IT4801901403", "title"=>"Produto de Testes"}, "quantity"=>1, "unit_price"=>49.9, "full_unit_price"=>49.9}], "payments"=>[{"id"=>12312313, "order_id"=>9987071, "payer_id"=>414138, "installments"=>1, "payment_type"=>"credit_card", "status"=>"paid", "transaction_amount"=>49.9, "taxes_amount"=>0, "shipping_cost"=>5.14, "total_paid_amount"=>55.04, "installment_amount"=>55.04, "date_approved"=>"2019-06-24T16:45:35.000-04:00", "date_created"=>"2019-06-24T16:45:33.000-04:00"}], "shipping"=>{"id"=>43444211797, "shipment_type"=>"shipping", "date_created"=>"2019-06-24T16:45:33.000-04:00", "receiver_address"=>{"id"=>1051695306, "address_line"=>"Rua de Testes Fake 3454", "street_name"=>"Rua de Testes Fake", "street_number"=>"3454", "comment"=>"galpao", "zip_code"=>"85045020", "city"=>{"name"=>"Cidade de Testes"}, "state"=>{"id"=>"SP", "name"=>"São Paulo"}, "country"=>{"id"=>"BR", "name"=>"Brasil"}, "neighborhood"=>{"id"=>nil, "name"=>"Vila de Testes"}, "latitude"=>-23.629037, "longitude"=>-46.712689, "receiver_phone"=>"41999999999"}}, "status"=>"paid", "buyer"=>{"id"=>136226073, "nickname"=>"JOHN DOE", "email"=>"john@doe.com", "phone"=>{"area_code"=>41, "number"=>"999999999"}, "first_name"=>"John", "last_name"=>"Doe", "billing_info"=>{"doc_type"=>"CPF", "doc_number"=>"09487965477"}}, "order"=>{"id"=>9987071, "store_id"=>282, "total_shipping"=>5.14}}
  [1m[35m (1.3ms)[0m  [1m[35mBEGIN[0m
  ↳ app/controllers/api/v1/orders_controller.rb:68:in `create_order'
  [1m[36mOrder Create (12.8ms)[0m  [1m[32mINSERT INTO "orders" ("external_code", "store_id", "sub_total", "delivery_fee", "total", "country", "state", "city", "district", "street", "complement", "latitude", "longitude", "dt_order_create", "postal_code", "number", "created_at", "updated_at") VALUES ($1, $2, $3, $4, $5, $6, $7, $8, $9, $10, $11, $12, $13, $14, $15, $16, $17, $18) RETURNING "id"[0m  [["external_code", "9987071"], ["store_id", 282], ["sub_total", "49.90"], ["delivery_fee", "5.14"], ["total", "55.04"], ["country", "BR"], ["state", "SP"], ["city", "Cidade de Testes"], ["district", "Vila de Testes"], ["street", "Rua de Testes Fake"], ["complement", "galpao"], ["latitude", "-23.629037"], ["longitude", "-46.712689"], ["dt_order_create", "2019-06-24T16:45:32.000-04:00"], ["postal_code", "85045020"], ["number", "3454"], ["created_at", "2021-04-28 15:07:36.534585"], ["updated_at", "2021-04-28 15:07:36.534585"]]
  ↳ app/controllers/api/v1/orders_controller.rb:68:in `create_order'
  [1m[36mCustomer Create (6.8ms)[0m  [1m[32mINSERT INTO "customers" ("external_id", "name", "email", "contact", "order_id", "created_at", "updated_at") VALUES ($1, $2, $3, $4, $5, $6, $7) RETURNING "id"[0m  [["external_id", "136226073"], ["name", "JOHN DOE"], ["email", "john@doe.com"], ["contact", "41999999999"], ["order_id", 1], ["created_at", "2021-04-28 15:07:36.551315"], ["updated_at", "2021-04-28 15:07:36.551315"]]
  ↳ app/controllers/api/v1/orders_controller.rb:68:in `create_order'
  [1m[36mItem Create (6.2ms)[0m  [1m[32mINSERT INTO "items" ("external_code", "name", "price", "quantity", "total", "order_id", "created_at", "updated_at") VALUES ($1, $2, $3, $4, $5, $6, $7, $8) RETURNING "id"[0m  [["external_code", "IT4801901403"], ["name", "Produto de Testes"], ["price", 49.9], ["quantity", 1], ["total", 49.9], ["order_id", 1], ["created_at", "2021-04-28 15:07:36.559513"], ["updated_at", "2021-04-28 15:07:36.559513"]]
  ↳ app/controllers/api/v1/orders_controller.rb:68:in `create_order'
  [1m[36mPayment Create (3.6ms)[0m  [1m[32mINSERT INTO "payments" ("modality", "value", "order_id", "created_at", "updated_at") VALUES ($1, $2, $3, $4, $5) RETURNING "id"[0m  [["modality", "CREDIT_CARD"], ["value", 55.04], ["order_id", 1], ["created_at", "2021-04-28 15:07:36.567120"], ["updated_at", "2021-04-28 15:07:36.567120"]]
  ↳ app/controllers/api/v1/orders_controller.rb:68:in `create_order'
  [1m[35m (5.4ms)[0m  [1m[35mCOMMIT[0m
  ↳ app/controllers/api/v1/orders_controller.rb:68:in `create_order'
Completed 404 Not Found in 667ms (Views: 0.3ms | ActiveRecord: 78.2ms | Allocations: 46910)


Started POST "/api/v1/orders" for 127.0.0.1 at 2021-04-28 12:12:31 -0300
Processing by Api::V1::OrdersController#create as */*
  Parameters: {"order"=>{}}
Completed 404 Not Found in 0ms (Views: 0.1ms | ActiveRecord: 0.0ms | Allocations: 185)


Started POST "/api/v1/orders" for 127.0.0.1 at 2021-04-28 12:12:35 -0300
Processing by Api::V1::OrdersController#create as */*
  Parameters: {"id"=>9987071, "store_id"=>282, "date_created"=>"2019-06-24T16:45:32.000-04:00", "date_closed"=>"2019-06-24T16:45:35.000-04:00", "last_updated"=>"2019-06-25T13:26:49.000-04:00", "total_amount"=>49.9, "total_shipping"=>5.14, "total_amount_with_shipping"=>55.04, "paid_amount"=>55.04, "expiration_date"=>"2019-07-22T16:45:35.000-04:00", "order_items"=>[{"item"=>{"id"=>"IT4801901403", "title"=>"Produto de Testes"}, "quantity"=>1, "unit_price"=>49.9, "full_unit_price"=>49.9}], "payments"=>[{"id"=>12312313, "order_id"=>9987071, "payer_id"=>414138, "installments"=>1, "payment_type"=>"credit_card", "status"=>"paid", "transaction_amount"=>49.9, "taxes_amount"=>0, "shipping_cost"=>5.14, "total_paid_amount"=>55.04, "installment_amount"=>55.04, "date_approved"=>"2019-06-24T16:45:35.000-04:00", "date_created"=>"2019-06-24T16:45:33.000-04:00"}], "shipping"=>{"id"=>43444211797, "shipment_type"=>"shipping", "date_created"=>"2019-06-24T16:45:33.000-04:00", "receiver_address"=>{"id"=>1051695306, "address_line"=>"Rua de Testes Fake 3454", "street_name"=>"Rua de Testes Fake", "street_number"=>"3454", "comment"=>"galpao", "zip_code"=>"85045020", "city"=>{"name"=>"Cidade de Testes"}, "state"=>{"id"=>"SP", "name"=>"São Paulo"}, "country"=>{"id"=>"BR", "name"=>"Brasil"}, "neighborhood"=>{"id"=>nil, "name"=>"Vila de Testes"}, "latitude"=>-23.629037, "longitude"=>-46.712689, "receiver_phone"=>"41999999999"}}, "status"=>"paid", "buyer"=>{"id"=>136226073, "nickname"=>"JOHN DOE", "email"=>"john@doe.com", "phone"=>{"area_code"=>41, "number"=>"999999999"}, "first_name"=>"John", "last_name"=>"Doe", "billing_info"=>{"doc_type"=>"CPF", "doc_number"=>"09487965477"}}, "order"=>{"id"=>9987071, "store_id"=>282, "total_shipping"=>5.14}}
  [1m[35m (2.0ms)[0m  [1m[35mBEGIN[0m
  ↳ app/controllers/api/v1/orders_controller.rb:68:in `create_order'
  [1m[36mOrder Create (3.7ms)[0m  [1m[32mINSERT INTO "orders" ("external_code", "store_id", "sub_total", "delivery_fee", "total", "country", "state", "city", "district", "street", "complement", "latitude", "longitude", "dt_order_create", "postal_code", "number", "created_at", "updated_at") VALUES ($1, $2, $3, $4, $5, $6, $7, $8, $9, $10, $11, $12, $13, $14, $15, $16, $17, $18) RETURNING "id"[0m  [["external_code", "9987071"], ["store_id", 282], ["sub_total", "49.90"], ["delivery_fee", "5.14"], ["total", "55.04"], ["country", "BR"], ["state", "SP"], ["city", "Cidade de Testes"], ["district", "Vila de Testes"], ["street", "Rua de Testes Fake"], ["complement", "galpao"], ["latitude", "-23.629037"], ["longitude", "-46.712689"], ["dt_order_create", "2019-06-24T16:45:32.000-04:00"], ["postal_code", "85045020"], ["number", "3454"], ["created_at", "2021-04-28 15:12:35.369114"], ["updated_at", "2021-04-28 15:12:35.369114"]]
  ↳ app/controllers/api/v1/orders_controller.rb:68:in `create_order'
  [1m[36mCustomer Create (3.1ms)[0m  [1m[32mINSERT INTO "customers" ("external_id", "name", "email", "contact", "order_id", "created_at", "updated_at") VALUES ($1, $2, $3, $4, $5, $6, $7) RETURNING "id"[0m  [["external_id", "136226073"], ["name", "JOHN DOE"], ["email", "john@doe.com"], ["contact", "41999999999"], ["order_id", 2], ["created_at", "2021-04-28 15:12:35.379078"], ["updated_at", "2021-04-28 15:12:35.379078"]]
  ↳ app/controllers/api/v1/orders_controller.rb:68:in `create_order'
  [1m[36mItem Create (1.5ms)[0m  [1m[32mINSERT INTO "items" ("external_code", "name", "price", "quantity", "total", "order_id", "created_at", "updated_at") VALUES ($1, $2, $3, $4, $5, $6, $7, $8) RETURNING "id"[0m  [["external_code", "IT4801901403"], ["name", "Produto de Testes"], ["price", 49.9], ["quantity", 1], ["total", 49.9], ["order_id", 2], ["created_at", "2021-04-28 15:12:35.384661"], ["updated_at", "2021-04-28 15:12:35.384661"]]
  ↳ app/controllers/api/v1/orders_controller.rb:68:in `create_order'
  [1m[36mPayment Create (1.5ms)[0m  [1m[32mINSERT INTO "payments" ("modality", "value", "order_id", "created_at", "updated_at") VALUES ($1, $2, $3, $4, $5) RETURNING "id"[0m  [["modality", "CREDIT_CARD"], ["value", 55.04], ["order_id", 2], ["created_at", "2021-04-28 15:12:35.388216"], ["updated_at", "2021-04-28 15:12:35.388216"]]
  ↳ app/controllers/api/v1/orders_controller.rb:68:in `create_order'
  [1m[35m (2.1ms)[0m  [1m[35mCOMMIT[0m
  ↳ app/controllers/api/v1/orders_controller.rb:68:in `create_order'
Completed 404 Not Found in 351ms (Views: 0.2ms | ActiveRecord: 14.0ms | Allocations: 17943)


Started POST "/api/v1/orders" for 127.0.0.1 at 2021-04-28 12:12:56 -0300
  [1m[35m (4.5ms)[0m  [1m[34mSELECT "schema_migrations"."version" FROM "schema_migrations" ORDER BY "schema_migrations"."version" ASC[0m
Processing by Api::V1::OrdersController#create as */*
  Parameters: {"id"=>9987071, "store_id"=>282, "date_created"=>"2019-06-24T16:45:32.000-04:00", "date_closed"=>"2019-06-24T16:45:35.000-04:00", "last_updated"=>"2019-06-25T13:26:49.000-04:00", "total_amount"=>49.9, "total_shipping"=>5.14, "total_amount_with_shipping"=>55.04, "paid_amount"=>55.04, "expiration_date"=>"2019-07-22T16:45:35.000-04:00", "order_items"=>[{"item"=>{"id"=>"IT4801901403", "title"=>"Produto de Testes"}, "quantity"=>1, "unit_price"=>49.9, "full_unit_price"=>49.9}], "payments"=>[{"id"=>12312313, "order_id"=>9987071, "payer_id"=>414138, "installments"=>1, "payment_type"=>"credit_card", "status"=>"paid", "transaction_amount"=>49.9, "taxes_amount"=>0, "shipping_cost"=>5.14, "total_paid_amount"=>55.04, "installment_amount"=>55.04, "date_approved"=>"2019-06-24T16:45:35.000-04:00", "date_created"=>"2019-06-24T16:45:33.000-04:00"}], "shipping"=>{"id"=>43444211797, "shipment_type"=>"shipping", "date_created"=>"2019-06-24T16:45:33.000-04:00", "receiver_address"=>{"id"=>1051695306, "address_line"=>"Rua de Testes Fake 3454", "street_name"=>"Rua de Testes Fake", "street_number"=>"3454", "comment"=>"galpao", "zip_code"=>"85045020", "city"=>{"name"=>"Cidade de Testes"}, "state"=>{"id"=>"SP", "name"=>"São Paulo"}, "country"=>{"id"=>"BR", "name"=>"Brasil"}, "neighborhood"=>{"id"=>nil, "name"=>"Vila de Testes"}, "latitude"=>-23.629037, "longitude"=>-46.712689, "receiver_phone"=>"41999999999"}}, "status"=>"paid", "buyer"=>{"id"=>136226073, "nickname"=>"JOHN DOE", "email"=>"john@doe.com", "phone"=>{"area_code"=>41, "number"=>"999999999"}, "first_name"=>"John", "last_name"=>"Doe", "billing_info"=>{"doc_type"=>"CPF", "doc_number"=>"09487965477"}}, "order"=>{"id"=>9987071, "store_id"=>282, "total_shipping"=>5.14}}
  [1m[35m (1.6ms)[0m  [1m[35mBEGIN[0m
  ↳ app/controllers/api/v1/orders_controller.rb:68:in `create_order'
  [1m[36mOrder Create (1.6ms)[0m  [1m[32mINSERT INTO "orders" ("external_code", "store_id", "sub_total", "delivery_fee", "total", "country", "state", "city", "district", "street", "complement", "latitude", "longitude", "dt_order_create", "postal_code", "number", "created_at", "updated_at") VALUES ($1, $2, $3, $4, $5, $6, $7, $8, $9, $10, $11, $12, $13, $14, $15, $16, $17, $18) RETURNING "id"[0m  [["external_code", "9987071"], ["store_id", 282], ["sub_total", "49.90"], ["delivery_fee", "5.14"], ["total", "55.04"], ["country", "BR"], ["state", "SP"], ["city", "Cidade de Testes"], ["district", "Vila de Testes"], ["street", "Rua de Testes Fake"], ["complement", "galpao"], ["latitude", "-23.629037"], ["longitude", "-46.712689"], ["dt_order_create", "2019-06-24T16:45:32.000-04:00"], ["postal_code", "85045020"], ["number", "3454"], ["created_at", "2021-04-28 15:12:56.682475"], ["updated_at", "2021-04-28 15:12:56.682475"]]
  ↳ app/controllers/api/v1/orders_controller.rb:68:in `create_order'
  [1m[36mCustomer Create (1.6ms)[0m  [1m[32mINSERT INTO "customers" ("external_id", "name", "email", "contact", "order_id", "created_at", "updated_at") VALUES ($1, $2, $3, $4, $5, $6, $7) RETURNING "id"[0m  [["external_id", "136226073"], ["name", "JOHN DOE"], ["email", "john@doe.com"], ["contact", "41999999999"], ["order_id", 3], ["created_at", "2021-04-28 15:12:56.688740"], ["updated_at", "2021-04-28 15:12:56.688740"]]
  ↳ app/controllers/api/v1/orders_controller.rb:68:in `create_order'
  [1m[36mItem Create (1.5ms)[0m  [1m[32mINSERT INTO "items" ("external_code", "name", "price", "quantity", "total", "order_id", "created_at", "updated_at") VALUES ($1, $2, $3, $4, $5, $6, $7, $8) RETURNING "id"[0m  [["external_code", "IT4801901403"], ["name", "Produto de Testes"], ["price", 49.9], ["quantity", 1], ["total", 49.9], ["order_id", 3], ["created_at", "2021-04-28 15:12:56.692111"], ["updated_at", "2021-04-28 15:12:56.692111"]]
  ↳ app/controllers/api/v1/orders_controller.rb:68:in `create_order'
  [1m[36mPayment Create (1.4ms)[0m  [1m[32mINSERT INTO "payments" ("modality", "value", "order_id", "created_at", "updated_at") VALUES ($1, $2, $3, $4, $5) RETURNING "id"[0m  [["modality", "CREDIT_CARD"], ["value", 55.04], ["order_id", 3], ["created_at", "2021-04-28 15:12:56.695409"], ["updated_at", "2021-04-28 15:12:56.695409"]]
  ↳ app/controllers/api/v1/orders_controller.rb:68:in `create_order'
  [1m[35m (1.8ms)[0m  [1m[35mCOMMIT[0m
  ↳ app/controllers/api/v1/orders_controller.rb:68:in `create_order'
Completed 202 Accepted in 723ms (Views: 0.3ms | ActiveRecord: 34.4ms | Allocations: 45351)


